[2023-04-01 21:39] Logging console to logs/console.log
[2023-04-01 21:39] Closing console log.
[2023-04-01 21:39] Logging console to logs/console.log
[2023-04-01 21:39] Execing q2srv.cfg
[2023-04-01 21:39] Loaded game library from ./baseq2/gamex86_64.so
[2023-04-01 21:39] ==== InitGame ====
[2023-04-01 21:39] ------- Server Initialization -------
[2023-04-01 21:39] SpawnServer: q2dm1
[2023-04-01 21:39] 0 entities inhibited
[2023-04-01 21:39] 0 teams with 0 entities
[2023-04-01 21:39] -------------------------------------
[2023-04-01 21:39] ====== Q2PRO initialized ======
[2023-04-01 21:39] 
[2023-04-01 21:39] q2proded r1862~4e94673, Oct 26 2020
[2023-04-01 21:39] https://github.com/skullernet/q2pro
[2023-04-01 21:39] 
[2023-04-01 21:39] ninjabot[DLB] connected
[2023-04-01 21:39] ninjabot[DLB][76.181.238.25:58045]: q2pro r1861~5917c5f Feb 17 2020 Win32 x86
[2023-04-01 21:39] ninjabot[DLB] entered the game
[2023-04-01 21:39] ninjabot[DLB][76.181.238.25:58045] disconnected
[2023-04-01 21:39] ninjabot[DLB] disconnected
FATAL: tty_fatal_error: write() failed: Input/output error
[2023-04-01 21:39] ==== ShutdownGame ====
[2023-04-01 21:39] Closing console log.
